Build started 29/04/2012 5:56:01 PM.
     1>Project "C:\Users\Ggobookgi\Documents\Visual Studio 2010\Projects\1. 3n+1\1. 3n+1\1. 3n+1.vcxproj" on node 2 (build target(s)).
     1>InitializeBuildStatus:
         Touching "Debug\1.1 3n+1.unsuccessfulbuild".
       ClCompile:
         All outputs are up-to-date.
       ManifestResourceCompile:
         All outputs are up-to-date.
       Link:
         C:\Program Files (x86)\Microsoft Visual Studio 10.0\VC\bin\link.exe /ERRORREPORT:PROMPT /OUT:"C:\Users\Ggobookgi\Documents\Visual Studio 2010\Projects\1. 3n+1\Debug\1.1 3n+1.exe" /INCREMENTAL /NOLOGO kernel32.lib user32.lib gdi32.lib winspool.lib comdlg32.lib advapi32.lib shell32.lib ole32.lib oleaut32.lib uuid.lib odbc32.lib odbccp32.lib /MANIFEST /ManifestFile:"Debug\1.1 3n+1.exe.intermediate.manifest" /MANIFESTUAC:"level='asInvoker' uiAccess='false'" /DEBUG /PDB:"C:\Users\Ggobookgi\Documents\Visual Studio 2010\Projects\1. 3n+1\Debug\1.1 3n+1.pdb" /SUBSYSTEM:CONSOLE /TLBID:1 /DYNAMICBASE /NXCOMPAT /IMPLIB:"C:\Users\Ggobookgi\Documents\Visual Studio 2010\Projects\1. 3n+1\Debug\1.1 3n+1.lib" /MACHINE:X86 "Debug\1.1 3n+1.exe.embed.manifest.res"
         "Debug\Solution Recursive.obj"
       Manifest:
         C:\Program Files (x86)\Microsoft SDKs\Windows\v7.0A\bin\mt.exe /nologo /verbose /out:"Debug\1.1 3n+1.exe.embed.manifest" /manifest "Debug\1.1 3n+1.exe.intermediate.manifest"
         All outputs are up-to-date.
       LinkEmbedManifest:
         All outputs are up-to-date.
         1. 3n+1.vcxproj -> C:\Users\Ggobookgi\Documents\Visual Studio 2010\Projects\1. 3n+1\Debug\1.1 3n+1.exe
       FinalizeBuildStatus:
         Deleting file "Debug\1.1 3n+1.unsuccessfulbuild".
         Touching "Debug\1.1 3n+1.lastbuildstate".
     1>Done Building Project "C:\Users\Ggobookgi\Documents\Visual Studio 2010\Projects\1. 3n+1\1. 3n+1\1. 3n+1.vcxproj" (build target(s)).

Build succeeded.

Time Elapsed 00:00:00.52
