Build started 01/05/2012 6:31:57 PM.
     1>Project "C:\Users\Ggobookgi\documents\visual studio 2010\Projects\1.2 Minesweeper (10189)\1.2 Minesweeper (10189)\1.2 Minesweeper (10189).vcxproj" on node 2 (build target(s)).
     1>InitializeBuildStatus:
         Creating "Debug\1.2 Minesweeper (10189).unsuccessfulbuild" because "AlwaysCreate" was specified.
       ClCompile:
         C:\Program Files (x86)\Microsoft Visual Studio 10.0\VC\bin\CL.exe /c /ZI /nologo /W3 /WX- /Od /Oy- /D WIN32 /D _DEBUG /D _CONSOLE /D _UNICODE /D UNICODE /Gm /EHsc /RTC1 /MDd /GS /fp:precise /Zc:wchar_t /Zc:forScope /Fo"Debug\\" /Fd"Debug\vc100.pdb" /Gd /TC /analyze- /errorReport:prompt Solution.c
         Solution.c
     1>c:\users\ggobookgi\documents\visual studio 2010\projects\1.2 minesweeper (10189)\1.2 minesweeper (10189)\solution.c(13): warning C4996: 'scanf': This function or variable may be unsafe. Consider using scanf_s instead. To disable deprecation, use _CRT_SECURE_NO_WARNINGS. See online help for details.
                 c:\program files (x86)\microsoft visual studio 10.0\vc\include\stdio.h(304) : see declaration of 'scanf'
       ManifestResourceCompile:
         All outputs are up-to-date.
       Link:
         C:\Program Files (x86)\Microsoft Visual Studio 10.0\VC\bin\link.exe /ERRORREPORT:PROMPT /OUT:"C:\Users\Ggobookgi\documents\visual studio 2010\Projects\1.2 Minesweeper (10189)\Debug\1.2 Minesweeper (10189).exe" /INCREMENTAL /NOLOGO kernel32.lib user32.lib gdi32.lib winspool.lib comdlg32.lib advapi32.lib shell32.lib ole32.lib oleaut32.lib uuid.lib odbc32.lib odbccp32.lib /MANIFEST /ManifestFile:"Debug\1.2 Minesweeper (10189).exe.intermediate.manifest" /MANIFESTUAC:"level='asInvoker' uiAccess='false'" /DEBUG /PDB:"C:\Users\Ggobookgi\documents\visual studio 2010\Projects\1.2 Minesweeper (10189)\Debug\1.2 Minesweeper (10189).pdb" /SUBSYSTEM:CONSOLE /TLBID:1 /DYNAMICBASE /NXCOMPAT /IMPLIB:"C:\Users\Ggobookgi\documents\visual studio 2010\Projects\1.2 Minesweeper (10189)\Debug\1.2 Minesweeper (10189).lib" /MACHINE:X86 "Debug\1.2 Minesweeper (10189).exe.embed.manifest.res"
         Debug\Solution.obj
       Manifest:
         C:\Program Files (x86)\Microsoft SDKs\Windows\v7.0A\bin\mt.exe /nologo /verbose /out:"Debug\1.2 Minesweeper (10189).exe.embed.manifest" /manifest "Debug\1.2 Minesweeper (10189).exe.intermediate.manifest"
         All outputs are up-to-date.
       LinkEmbedManifest:
         All outputs are up-to-date.
         1.2 Minesweeper (10189).vcxproj -> C:\Users\Ggobookgi\documents\visual studio 2010\Projects\1.2 Minesweeper (10189)\Debug\1.2 Minesweeper (10189).exe
       FinalizeBuildStatus:
         Deleting file "Debug\1.2 Minesweeper (10189).unsuccessfulbuild".
         Touching "Debug\1.2 Minesweeper (10189).lastbuildstate".
     1>Done Building Project "C:\Users\Ggobookgi\documents\visual studio 2010\Projects\1.2 Minesweeper (10189)\1.2 Minesweeper (10189)\1.2 Minesweeper (10189).vcxproj" (build target(s)).

Build succeeded.

Time Elapsed 00:00:01.51
