C:\USERS\ZORO\DOCUMENTS\VISUAL STUDIO 2010\PROJECTS\CODEFORCES203 A.TWO PROBLEMS\CODEFORCES203 A.TWO PROBLEMS\DEBUG\TWOPROBLEMS.OBJ
C:\USERS\ZORO\DOCUMENTS\VISUAL STUDIO 2010\PROJECTS\CODEFORCES203 A.TWO PROBLEMS\CODEFORCES203 A.TWO PROBLEMS\DEBUG\VC100.PDB
C:\USERS\ZORO\DOCUMENTS\VISUAL STUDIO 2010\PROJECTS\CODEFORCES203 A.TWO PROBLEMS\CODEFORCES203 A.TWO PROBLEMS\DEBUG\MAIN.OBJ
C:\USERS\ZORO\DOCUMENTS\VISUAL STUDIO 2010\PROJECTS\CODEFORCES203 A.TWO PROBLEMS\DEBUG\CODEFORCES203 A.TWO PROBLEMS.ILK
C:\USERS\ZORO\DOCUMENTS\VISUAL STUDIO 2010\PROJECTS\CODEFORCES203 A.TWO PROBLEMS\DEBUG\CODEFORCES203 A.TWO PROBLEMS.EXE
C:\USERS\ZORO\DOCUMENTS\VISUAL STUDIO 2010\PROJECTS\CODEFORCES203 A.TWO PROBLEMS\CODEFORCES203 A.TWO PROBLEMS\DEBUG\CODEFORCES203 A.TWO PROBLEMS.EXE.INTERMEDIATE.MANIFEST
C:\USERS\ZORO\DOCUMENTS\VISUAL STUDIO 2010\PROJECTS\CODEFORCES203 A.TWO PROBLEMS\DEBUG\CODEFORCES203 A.TWO PROBLEMS.PDB
C:\Users\SaeYoung\Documents\Visual Studio 2012\Projects\CodeForces203 A.Two Problems\CodeForces203 A.Two Problems\Debug\main.obj
C:\Users\SaeYoung\Documents\Visual Studio 2012\Projects\CodeForces203 A.Two Problems\CodeForces203 A.Two Problems\Debug\TwoProblems.obj
C:\Users\SaeYoung\Documents\Visual Studio 2012\Projects\CodeForces203 A.Two Problems\CodeForces203 A.Two Problems\Debug\cl.command.1.tlog
C:\Users\SaeYoung\Documents\Visual Studio 2012\Projects\CodeForces203 A.Two Problems\CodeForces203 A.Two Problems\Debug\CL.read.1.tlog
C:\Users\SaeYoung\Documents\Visual Studio 2012\Projects\CodeForces203 A.Two Problems\CodeForces203 A.Two Problems\Debug\CL.write.1.tlog
C:\Users\SaeYoung\Documents\Visual Studio 2012\Projects\CodeForces203 A.Two Problems\CodeForces203 A.Two Problems\Debug\link.command.1.tlog
C:\Users\SaeYoung\Documents\Visual Studio 2012\Projects\CodeForces203 A.Two Problems\CodeForces203 A.Two Problems\Debug\link.read.1.tlog
C:\Users\SaeYoung\Documents\Visual Studio 2012\Projects\CodeForces203 A.Two Problems\CodeForces203 A.Two Problems\Debug\link.write.1.tlog
C:\Users\SaeYoung\Documents\Visual Studio 2012\Projects\CodeForces203 A.Two Problems\CodeForces203 A.Two Problems\Debug\mt.command.1.tlog
C:\Users\SaeYoung\Documents\Visual Studio 2012\Projects\CodeForces203 A.Two Problems\CodeForces203 A.Two Problems\Debug\mt.read.1.tlog
C:\Users\SaeYoung\Documents\Visual Studio 2012\Projects\CodeForces203 A.Two Problems\CodeForces203 A.Two Problems\Debug\mt.write.1.tlog
C:\Users\SaeYoung\Documents\Visual Studio 2012\Projects\CodeForces203 A.Two Problems\CodeForces203 A.Two Problems\Debug\CodeForces203 A.Two Problems.exe.intermediate.manifest
C:\Users\SaeYoung\Documents\Visual Studio 2012\Projects\CodeForces203 A.Two Problems\CodeForces203 A.Two Problems\Debug\vc100.idb
C:\Users\SaeYoung\Documents\Visual Studio 2012\Projects\CodeForces203 A.Two Problems\CodeForces203 A.Two Problems\Debug\vc100.pdb
C:\Users\SaeYoung\Documents\Visual Studio 2012\Projects\CodeForces203 A.Two Problems\Debug\CodeForces203 A.Two Problems.pdb
C:\Users\SaeYoung\Documents\Visual Studio 2012\Projects\CodeForces203 A.Two Problems\Debug\CodeForces203 A.Two Problems.exe
C:\Users\SaeYoung\Documents\Visual Studio 2012\Projects\CodeForces203 A.Two Problems\Debug\CodeForces203 A.Two Problems.ilk
