Build started 2012-01-07 오후 6:08:23.
     1>Project "C:\Users\Zoro\Documents\Visual Studio 2010\Projects\Hacker Cup 2011 Qualification Round\Hacker Cup 2011 Qualification Round\Hacker Cup 2011 Qualification Round.vcxproj" on node 2 (build target(s)).
     1>InitializeBuildStatus:
         Creating "Debug\Hacker Cup 2011 Qualification Round.unsuccessfulbuild" because "AlwaysCreate" was specified.
       ClCompile:
         C:\Program Files\Microsoft Visual Studio 10.0\VC\bin\CL.exe /c /ZI /nologo /W3 /WX- /Od /Oy- /D WIN32 /D _DEBUG /D _CONSOLE /D _UNICODE /D UNICODE /Gm /EHsc /RTC1 /MDd /GS /fp:precise /Zc:wchar_t /Zc:forScope /Fo"Debug\\" /Fd"Debug\vc100.pdb" /Gd /TC /analyze- /errorReport:prompt DoubleSquares.c
         DoubleSquares.c
     1>c:\users\zoro\documents\visual studio 2010\projects\hacker cup 2011 qualification round\hacker cup 2011 qualification round\doublesquares.c(15): warning C4996: 'fopen': This function or variable may be unsafe. Consider using fopen_s instead. To disable deprecation, use _CRT_SECURE_NO_WARNINGS. See online help for details.
                 c:\program files\microsoft visual studio 10.0\vc\include\stdio.h(234) : see declaration of 'fopen'
     1>c:\users\zoro\documents\visual studio 2010\projects\hacker cup 2011 qualification round\hacker cup 2011 qualification round\doublesquares.c(16): warning C4996: 'fopen': This function or variable may be unsafe. Consider using fopen_s instead. To disable deprecation, use _CRT_SECURE_NO_WARNINGS. See online help for details.
                 c:\program files\microsoft visual studio 10.0\vc\include\stdio.h(234) : see declaration of 'fopen'
     1>c:\users\zoro\documents\visual studio 2010\projects\hacker cup 2011 qualification round\hacker cup 2011 qualification round\doublesquares.c(24): warning C4996: 'fscanf': This function or variable may be unsafe. Consider using fscanf_s instead. To disable deprecation, use _CRT_SECURE_NO_WARNINGS. See online help for details.
                 c:\program files\microsoft visual studio 10.0\vc\include\stdio.h(253) : see declaration of 'fscanf'
     1>c:\users\zoro\documents\visual studio 2010\projects\hacker cup 2011 qualification round\hacker cup 2011 qualification round\doublesquares.c(30): warning C4996: 'fscanf': This function or variable may be unsafe. Consider using fscanf_s instead. To disable deprecation, use _CRT_SECURE_NO_WARNINGS. See online help for details.
                 c:\program files\microsoft visual studio 10.0\vc\include\stdio.h(253) : see declaration of 'fscanf'
       ManifestResourceCompile:
         All outputs are up-to-date.
       Link:
         C:\Program Files\Microsoft Visual Studio 10.0\VC\bin\link.exe /ERRORREPORT:PROMPT /OUT:"C:\Users\Zoro\Documents\Visual Studio 2010\Projects\Hacker Cup 2011 Qualification Round\Debug\Hacker Cup 2011 Qualification Round.exe" /INCREMENTAL /NOLOGO kernel32.lib user32.lib gdi32.lib winspool.lib comdlg32.lib advapi32.lib shell32.lib ole32.lib oleaut32.lib uuid.lib odbc32.lib odbccp32.lib /MANIFEST /ManifestFile:"Debug\Hacker Cup 2011 Qualification Round.exe.intermediate.manifest" /MANIFESTUAC:"level='asInvoker' uiAccess='false'" /DEBUG /PDB:"C:\Users\Zoro\Documents\Visual Studio 2010\Projects\Hacker Cup 2011 Qualification Round\Debug\Hacker Cup 2011 Qualification Round.pdb" /SUBSYSTEM:CONSOLE /TLBID:1 /DYNAMICBASE /NXCOMPAT /IMPLIB:"C:\Users\Zoro\Documents\Visual Studio 2010\Projects\Hacker Cup 2011 Qualification Round\Debug\Hacker Cup 2011 Qualification Round.lib" /MACHINE:X86 "Debug\Hacker Cup 2011 Qualification Round.exe.embed.manifest.res"
         Debug\DoubleSquares.obj
       Manifest:
         C:\Program Files\Microsoft SDKs\Windows\v7.0A\bin\mt.exe /nologo /verbose /out:"Debug\Hacker Cup 2011 Qualification Round.exe.embed.manifest" /manifest "Debug\Hacker Cup 2011 Qualification Round.exe.intermediate.manifest"
         All outputs are up-to-date.
       LinkEmbedManifest:
         All outputs are up-to-date.
         Hacker Cup 2011 Qualification Round.vcxproj -> C:\Users\Zoro\Documents\Visual Studio 2010\Projects\Hacker Cup 2011 Qualification Round\Debug\Hacker Cup 2011 Qualification Round.exe
       FinalizeBuildStatus:
         Deleting file "Debug\Hacker Cup 2011 Qualification Round.unsuccessfulbuild".
         Touching "Debug\Hacker Cup 2011 Qualification Round.lastbuildstate".
     1>Done Building Project "C:\Users\Zoro\Documents\Visual Studio 2010\Projects\Hacker Cup 2011 Qualification Round\Hacker Cup 2011 Qualification Round\Hacker Cup 2011 Qualification Round.vcxproj" (build target(s)).

Build succeeded.

Time Elapsed 00:00:00.73
