C:\USERS\SAEYOUNG\DOCUMENTS\VISUAL STUDIO 2012\PROJECTS\4 TREES AND GRAPH\4 TREES AND GRAPH\DEBUG\VC110.PDB
C:\USERS\SAEYOUNG\DOCUMENTS\VISUAL STUDIO 2012\PROJECTS\4 TREES AND GRAPH\4 TREES AND GRAPH\DEBUG\SOURCE.OBJ
C:\USERS\SAEYOUNG\DOCUMENTS\VISUAL STUDIO 2012\PROJECTS\4 TREES AND GRAPH\DEBUG\4 TREES AND GRAPH.ILK
C:\USERS\SAEYOUNG\DOCUMENTS\VISUAL STUDIO 2012\PROJECTS\4 TREES AND GRAPH\DEBUG\4 TREES AND GRAPH.EXE
C:\USERS\SAEYOUNG\DOCUMENTS\VISUAL STUDIO 2012\PROJECTS\4 TREES AND GRAPH\DEBUG\4 TREES AND GRAPH.PDB
C:\Users\SaeYoung\Documents\Visual Studio 2012\Projects\4 Trees And Graph\4 Trees And Graph\Debug\source.obj
C:\Users\SaeYoung\Documents\Visual Studio 2012\Projects\4 Trees And Graph\4 Trees And Graph\Debug\cl.command.1.tlog
C:\Users\SaeYoung\Documents\Visual Studio 2012\Projects\4 Trees And Graph\4 Trees And Graph\Debug\CL.read.1.tlog
C:\Users\SaeYoung\Documents\Visual Studio 2012\Projects\4 Trees And Graph\4 Trees And Graph\Debug\CL.write.1.tlog
C:\Users\SaeYoung\Documents\Visual Studio 2012\Projects\4 Trees And Graph\4 Trees And Graph\Debug\link-cvtres.read.1.tlog
C:\Users\SaeYoung\Documents\Visual Studio 2012\Projects\4 Trees And Graph\4 Trees And Graph\Debug\link-cvtres.write.1.tlog
C:\Users\SaeYoung\Documents\Visual Studio 2012\Projects\4 Trees And Graph\4 Trees And Graph\Debug\link-rc.read.1.tlog
C:\Users\SaeYoung\Documents\Visual Studio 2012\Projects\4 Trees And Graph\4 Trees And Graph\Debug\link-rc.write.1.tlog
C:\Users\SaeYoung\Documents\Visual Studio 2012\Projects\4 Trees And Graph\4 Trees And Graph\Debug\link.1440-cvtres.read.1.tlog
C:\Users\SaeYoung\Documents\Visual Studio 2012\Projects\4 Trees And Graph\4 Trees And Graph\Debug\link.1440-cvtres.write.1.tlog
C:\Users\SaeYoung\Documents\Visual Studio 2012\Projects\4 Trees And Graph\4 Trees And Graph\Debug\link.1440-rc.read.1.tlog
C:\Users\SaeYoung\Documents\Visual Studio 2012\Projects\4 Trees And Graph\4 Trees And Graph\Debug\link.1440-rc.write.1.tlog
C:\Users\SaeYoung\Documents\Visual Studio 2012\Projects\4 Trees And Graph\4 Trees And Graph\Debug\link.1440.read.1.tlog
C:\Users\SaeYoung\Documents\Visual Studio 2012\Projects\4 Trees And Graph\4 Trees And Graph\Debug\link.1440.write.1.tlog
C:\Users\SaeYoung\Documents\Visual Studio 2012\Projects\4 Trees And Graph\4 Trees And Graph\Debug\link.command.1.tlog
C:\Users\SaeYoung\Documents\Visual Studio 2012\Projects\4 Trees And Graph\4 Trees And Graph\Debug\link.read.1.tlog
C:\Users\SaeYoung\Documents\Visual Studio 2012\Projects\4 Trees And Graph\4 Trees And Graph\Debug\link.write.1.tlog
C:\Users\SaeYoung\Documents\Visual Studio 2012\Projects\4 Trees And Graph\4 Trees And Graph\Debug\vc110.idb
C:\Users\SaeYoung\Documents\Visual Studio 2012\Projects\4 Trees And Graph\4 Trees And Graph\Debug\vc110.pdb
C:\Users\SaeYoung\Documents\Visual Studio 2012\Projects\4 Trees And Graph\Debug\4 Trees And Graph.pdb
C:\Users\SaeYoung\Documents\Visual Studio 2012\Projects\4 Trees And Graph\Debug\4 Trees And Graph.exe
C:\Users\SaeYoung\Documents\Visual Studio 2012\Projects\4 Trees And Graph\Debug\4 Trees And Graph.ilk
