C:\USERS\ZORO\DOCUMENTS\VISUAL STUDIO 2010\PROJECTS\HACKER CUP 2012 QUALIFICATION 3\HACKER CUP 2012 QUALIFICATION 3\DEBUG\VC100.PDB
C:\USERS\ZORO\DOCUMENTS\VISUAL STUDIO 2010\PROJECTS\HACKER CUP 2012 QUALIFICATION 3\HACKER CUP 2012 QUALIFICATION 3\DEBUG\ALPHABET SOUP1.OBJ
C:\USERS\SAEYOUNG\DOCUMENTS\VISUAL STUDIO 2012\PROJECTS\HACKER CUP 2012 QUALIFICATION 3\HACKER CUP 2012 QUALIFICATION 3\DEBUG\ALPHABET SOUP1.OBJ
C:\USERS\SAEYOUNG\DOCUMENTS\VISUAL STUDIO 2012\PROJECTS\HACKER CUP 2012 QUALIFICATION 3\HACKER CUP 2012 QUALIFICATION 3\DEBUG\VC110.PDB
C:\USERS\ZORO\DOCUMENTS\VISUAL STUDIO 2010\PROJECTS\HACKER CUP 2012 QUALIFICATION 3\DEBUG\HACKER CUP 2012 QUALIFICATION 3.ILK
C:\USERS\ZORO\DOCUMENTS\VISUAL STUDIO 2010\PROJECTS\HACKER CUP 2012 QUALIFICATION 3\DEBUG\HACKER CUP 2012 QUALIFICATION 3.EXE
C:\USERS\ZORO\DOCUMENTS\VISUAL STUDIO 2010\PROJECTS\HACKER CUP 2012 QUALIFICATION 3\HACKER CUP 2012 QUALIFICATION 3\DEBUG\HACKER CUP 2012 QUALIFICATION 3.EXE.INTERMEDIATE.MANIFEST
C:\USERS\ZORO\DOCUMENTS\VISUAL STUDIO 2010\PROJECTS\HACKER CUP 2012 QUALIFICATION 3\DEBUG\HACKER CUP 2012 QUALIFICATION 3.PDB
C:\USERS\ZORO\DOCUMENTS\VISUAL STUDIO 2010\PROJECTS\HACKER CUP 2012 QUALIFICATION 3\HACKER CUP 2012 QUALIFICATION 3\DEBUG\HACKER CUP 2012 QUALIFICATION 3.EXE.EMBED.MANIFEST
C:\USERS\ZORO\DOCUMENTS\VISUAL STUDIO 2010\PROJECTS\HACKER CUP 2012 QUALIFICATION 3\HACKER CUP 2012 QUALIFICATION 3\DEBUG\HACKER CUP 2012 QUALIFICATION 3.EXE.EMBED.MANIFEST.RES
C:\Users\SaeYoung\Documents\Visual Studio 2012\Projects\Hacker Cup 2012 Qualification 3\Hacker Cup 2012 Qualification 3\Debug\Alphabet Soup1.obj
C:\Users\SaeYoung\Documents\Visual Studio 2012\Projects\Hacker Cup 2012 Qualification 3\Hacker Cup 2012 Qualification 3\Debug\cl.command.1.tlog
C:\Users\SaeYoung\Documents\Visual Studio 2012\Projects\Hacker Cup 2012 Qualification 3\Hacker Cup 2012 Qualification 3\Debug\CL.read.1.tlog
C:\Users\SaeYoung\Documents\Visual Studio 2012\Projects\Hacker Cup 2012 Qualification 3\Hacker Cup 2012 Qualification 3\Debug\CL.write.1.tlog
C:\Users\SaeYoung\Documents\Visual Studio 2012\Projects\Hacker Cup 2012 Qualification 3\Hacker Cup 2012 Qualification 3\Debug\link-cvtres.read.1.tlog
C:\Users\SaeYoung\Documents\Visual Studio 2012\Projects\Hacker Cup 2012 Qualification 3\Hacker Cup 2012 Qualification 3\Debug\link-cvtres.write.1.tlog
C:\Users\SaeYoung\Documents\Visual Studio 2012\Projects\Hacker Cup 2012 Qualification 3\Hacker Cup 2012 Qualification 3\Debug\link-rc.read.1.tlog
C:\Users\SaeYoung\Documents\Visual Studio 2012\Projects\Hacker Cup 2012 Qualification 3\Hacker Cup 2012 Qualification 3\Debug\link-rc.write.1.tlog
C:\Users\SaeYoung\Documents\Visual Studio 2012\Projects\Hacker Cup 2012 Qualification 3\Hacker Cup 2012 Qualification 3\Debug\link.2236-cvtres.read.1.tlog
C:\Users\SaeYoung\Documents\Visual Studio 2012\Projects\Hacker Cup 2012 Qualification 3\Hacker Cup 2012 Qualification 3\Debug\link.2236-cvtres.write.1.tlog
C:\Users\SaeYoung\Documents\Visual Studio 2012\Projects\Hacker Cup 2012 Qualification 3\Hacker Cup 2012 Qualification 3\Debug\link.2236.read.1.tlog
C:\Users\SaeYoung\Documents\Visual Studio 2012\Projects\Hacker Cup 2012 Qualification 3\Hacker Cup 2012 Qualification 3\Debug\link.2236.write.1.tlog
C:\Users\SaeYoung\Documents\Visual Studio 2012\Projects\Hacker Cup 2012 Qualification 3\Hacker Cup 2012 Qualification 3\Debug\link.476-cvtres.read.1.tlog
C:\Users\SaeYoung\Documents\Visual Studio 2012\Projects\Hacker Cup 2012 Qualification 3\Hacker Cup 2012 Qualification 3\Debug\link.476-cvtres.write.1.tlog
C:\Users\SaeYoung\Documents\Visual Studio 2012\Projects\Hacker Cup 2012 Qualification 3\Hacker Cup 2012 Qualification 3\Debug\link.476.read.1.tlog
C:\Users\SaeYoung\Documents\Visual Studio 2012\Projects\Hacker Cup 2012 Qualification 3\Hacker Cup 2012 Qualification 3\Debug\link.476.write.1.tlog
C:\Users\SaeYoung\Documents\Visual Studio 2012\Projects\Hacker Cup 2012 Qualification 3\Hacker Cup 2012 Qualification 3\Debug\link.5672-cvtres.read.1.tlog
C:\Users\SaeYoung\Documents\Visual Studio 2012\Projects\Hacker Cup 2012 Qualification 3\Hacker Cup 2012 Qualification 3\Debug\link.5672-cvtres.write.1.tlog
C:\Users\SaeYoung\Documents\Visual Studio 2012\Projects\Hacker Cup 2012 Qualification 3\Hacker Cup 2012 Qualification 3\Debug\link.5672.read.1.tlog
C:\Users\SaeYoung\Documents\Visual Studio 2012\Projects\Hacker Cup 2012 Qualification 3\Hacker Cup 2012 Qualification 3\Debug\link.5672.write.1.tlog
C:\Users\SaeYoung\Documents\Visual Studio 2012\Projects\Hacker Cup 2012 Qualification 3\Hacker Cup 2012 Qualification 3\Debug\link.6084-cvtres.read.1.tlog
C:\Users\SaeYoung\Documents\Visual Studio 2012\Projects\Hacker Cup 2012 Qualification 3\Hacker Cup 2012 Qualification 3\Debug\link.6084-cvtres.write.1.tlog
C:\Users\SaeYoung\Documents\Visual Studio 2012\Projects\Hacker Cup 2012 Qualification 3\Hacker Cup 2012 Qualification 3\Debug\link.6084.read.1.tlog
C:\Users\SaeYoung\Documents\Visual Studio 2012\Projects\Hacker Cup 2012 Qualification 3\Hacker Cup 2012 Qualification 3\Debug\link.6084.write.1.tlog
C:\Users\SaeYoung\Documents\Visual Studio 2012\Projects\Hacker Cup 2012 Qualification 3\Hacker Cup 2012 Qualification 3\Debug\link.command.1.tlog
C:\Users\SaeYoung\Documents\Visual Studio 2012\Projects\Hacker Cup 2012 Qualification 3\Hacker Cup 2012 Qualification 3\Debug\link.read.1.tlog
C:\Users\SaeYoung\Documents\Visual Studio 2012\Projects\Hacker Cup 2012 Qualification 3\Hacker Cup 2012 Qualification 3\Debug\link.write.1.tlog
C:\Users\SaeYoung\Documents\Visual Studio 2012\Projects\Hacker Cup 2012 Qualification 3\Hacker Cup 2012 Qualification 3\Debug\mt.command.1.tlog
C:\Users\SaeYoung\Documents\Visual Studio 2012\Projects\Hacker Cup 2012 Qualification 3\Hacker Cup 2012 Qualification 3\Debug\mt.read.1.tlog
C:\Users\SaeYoung\Documents\Visual Studio 2012\Projects\Hacker Cup 2012 Qualification 3\Hacker Cup 2012 Qualification 3\Debug\mt.write.1.tlog
C:\Users\SaeYoung\Documents\Visual Studio 2012\Projects\Hacker Cup 2012 Qualification 3\Hacker Cup 2012 Qualification 3\Debug\rc.command.1.tlog
C:\Users\SaeYoung\Documents\Visual Studio 2012\Projects\Hacker Cup 2012 Qualification 3\Hacker Cup 2012 Qualification 3\Debug\rc.read.1.tlog
C:\Users\SaeYoung\Documents\Visual Studio 2012\Projects\Hacker Cup 2012 Qualification 3\Hacker Cup 2012 Qualification 3\Debug\rc.write.1.tlog
C:\Users\SaeYoung\Documents\Visual Studio 2012\Projects\Hacker Cup 2012 Qualification 3\Hacker Cup 2012 Qualification 3\Debug\Hacker Cup 2012 Qualification 3.exe.embed.manifest
C:\Users\SaeYoung\Documents\Visual Studio 2012\Projects\Hacker Cup 2012 Qualification 3\Hacker Cup 2012 Qualification 3\Debug\Hacker Cup 2012 Qualification 3.exe.intermediate.manifest
C:\Users\SaeYoung\Documents\Visual Studio 2012\Projects\Hacker Cup 2012 Qualification 3\Hacker Cup 2012 Qualification 3\Debug\Hacker Cup 2012 Qualification 3.exe.embed.manifest.res
C:\Users\SaeYoung\Documents\Visual Studio 2012\Projects\Hacker Cup 2012 Qualification 3\Hacker Cup 2012 Qualification 3\Debug\vc100.idb
C:\Users\SaeYoung\Documents\Visual Studio 2012\Projects\Hacker Cup 2012 Qualification 3\Hacker Cup 2012 Qualification 3\Debug\vc110.idb
C:\Users\SaeYoung\Documents\Visual Studio 2012\Projects\Hacker Cup 2012 Qualification 3\Hacker Cup 2012 Qualification 3\Debug\vc100.pdb
C:\Users\SaeYoung\Documents\Visual Studio 2012\Projects\Hacker Cup 2012 Qualification 3\Hacker Cup 2012 Qualification 3\Debug\vc110.pdb
C:\Users\SaeYoung\Documents\Visual Studio 2012\Projects\Hacker Cup 2012 Qualification 3\Hacker Cup 2012 Qualification 3\Debug\Hacker Cup 2012 Qualification 3_manifest.rc
C:\Users\SaeYoung\Documents\Visual Studio 2012\Projects\Hacker Cup 2012 Qualification 3\Debug\Hacker Cup 2012 Qualification 3.pdb
