C:\USERS\ZORO\DOCUMENTS\VISUAL STUDIO 2010\PROJECTS\2013 HACKERCUP ROUND 1 CARD GAME\2013 HACKERCUP ROUND 1 CARD GAME\DEBUG\MAIN.OBJ
C:\USERS\ZORO\DOCUMENTS\VISUAL STUDIO 2010\PROJECTS\2013 HACKERCUP ROUND 1 CARD GAME\2013 HACKERCUP ROUND 1 CARD GAME\DEBUG\VC100.PDB
C:\USERS\SAEYOUNG\DOCUMENTS\VISUAL STUDIO 2012\PROJECTS\2013 HACKERCUP ROUND 1 CARD GAME\2013 HACKERCUP ROUND 1 CARD GAME\DEBUG\MAIN.OBJ
C:\USERS\SAEYOUNG\DOCUMENTS\VISUAL STUDIO 2012\PROJECTS\2013 HACKERCUP ROUND 1 CARD GAME\2013 HACKERCUP ROUND 1 CARD GAME\DEBUG\VC110.PDB
C:\USERS\ZORO\DOCUMENTS\VISUAL STUDIO 2010\PROJECTS\2013 HACKERCUP ROUND 1 CARD GAME\DEBUG\2013 HACKERCUP ROUND 1 CARD GAME.ILK
C:\USERS\ZORO\DOCUMENTS\VISUAL STUDIO 2010\PROJECTS\2013 HACKERCUP ROUND 1 CARD GAME\DEBUG\2013 HACKERCUP ROUND 1 CARD GAME.EXE
C:\USERS\ZORO\DOCUMENTS\VISUAL STUDIO 2010\PROJECTS\2013 HACKERCUP ROUND 1 CARD GAME\2013 HACKERCUP ROUND 1 CARD GAME\DEBUG\2013 HACKERCUP ROUND 1 CARD GAME.EXE.INTERMEDIATE.MANIFEST
C:\USERS\ZORO\DOCUMENTS\VISUAL STUDIO 2010\PROJECTS\2013 HACKERCUP ROUND 1 CARD GAME\DEBUG\2013 HACKERCUP ROUND 1 CARD GAME.PDB
C:\Users\SaeYoung\Documents\Visual Studio 2012\Projects\2013 HackerCup Round 1 Card Game\2013 HackerCup Round 1 Card Game\Debug\main.obj
C:\Users\SaeYoung\Documents\Visual Studio 2012\Projects\2013 HackerCup Round 1 Card Game\2013 HackerCup Round 1 Card Game\Debug\cl.command.1.tlog
C:\Users\SaeYoung\Documents\Visual Studio 2012\Projects\2013 HackerCup Round 1 Card Game\2013 HackerCup Round 1 Card Game\Debug\CL.read.1.tlog
C:\Users\SaeYoung\Documents\Visual Studio 2012\Projects\2013 HackerCup Round 1 Card Game\2013 HackerCup Round 1 Card Game\Debug\CL.write.1.tlog
C:\Users\SaeYoung\Documents\Visual Studio 2012\Projects\2013 HackerCup Round 1 Card Game\2013 HackerCup Round 1 Card Game\Debug\link-cvtres.read.1.tlog
C:\Users\SaeYoung\Documents\Visual Studio 2012\Projects\2013 HackerCup Round 1 Card Game\2013 HackerCup Round 1 Card Game\Debug\link-cvtres.write.1.tlog
C:\Users\SaeYoung\Documents\Visual Studio 2012\Projects\2013 HackerCup Round 1 Card Game\2013 HackerCup Round 1 Card Game\Debug\link-rc.read.1.tlog
C:\Users\SaeYoung\Documents\Visual Studio 2012\Projects\2013 HackerCup Round 1 Card Game\2013 HackerCup Round 1 Card Game\Debug\link-rc.write.1.tlog
C:\Users\SaeYoung\Documents\Visual Studio 2012\Projects\2013 HackerCup Round 1 Card Game\2013 HackerCup Round 1 Card Game\Debug\link.command.1.tlog
C:\Users\SaeYoung\Documents\Visual Studio 2012\Projects\2013 HackerCup Round 1 Card Game\2013 HackerCup Round 1 Card Game\Debug\link.read.1.tlog
C:\Users\SaeYoung\Documents\Visual Studio 2012\Projects\2013 HackerCup Round 1 Card Game\2013 HackerCup Round 1 Card Game\Debug\link.write.1.tlog
C:\Users\SaeYoung\Documents\Visual Studio 2012\Projects\2013 HackerCup Round 1 Card Game\2013 HackerCup Round 1 Card Game\Debug\mt.command.1.tlog
C:\Users\SaeYoung\Documents\Visual Studio 2012\Projects\2013 HackerCup Round 1 Card Game\2013 HackerCup Round 1 Card Game\Debug\mt.read.1.tlog
C:\Users\SaeYoung\Documents\Visual Studio 2012\Projects\2013 HackerCup Round 1 Card Game\2013 HackerCup Round 1 Card Game\Debug\mt.write.1.tlog
C:\Users\SaeYoung\Documents\Visual Studio 2012\Projects\2013 HackerCup Round 1 Card Game\2013 HackerCup Round 1 Card Game\Debug\2013 HackerCup Round 1 Card Game.exe.intermediate.manifest
C:\Users\SaeYoung\Documents\Visual Studio 2012\Projects\2013 HackerCup Round 1 Card Game\2013 HackerCup Round 1 Card Game\Debug\vc100.idb
C:\Users\SaeYoung\Documents\Visual Studio 2012\Projects\2013 HackerCup Round 1 Card Game\2013 HackerCup Round 1 Card Game\Debug\vc110.idb
C:\Users\SaeYoung\Documents\Visual Studio 2012\Projects\2013 HackerCup Round 1 Card Game\2013 HackerCup Round 1 Card Game\Debug\vc100.pdb
C:\Users\SaeYoung\Documents\Visual Studio 2012\Projects\2013 HackerCup Round 1 Card Game\2013 HackerCup Round 1 Card Game\Debug\vc110.pdb
C:\Users\SaeYoung\Documents\Visual Studio 2012\Projects\2013 HackerCup Round 1 Card Game\Debug\2013 HackerCup Round 1 Card Game.pdb
