Build started 20/11/2012 9:05:55 PM.
     1>Project "c:\Users\whiteskar\documents\visual studio 2010\Projects\10082. WERTYU\10082. WERTYU\10082. WERTYU.vcxproj" on node 2 (build target(s)).
     1>InitializeBuildStatus:
         Creating "Debug\10082. WERTYU.unsuccessfulbuild" because "AlwaysCreate" was specified.
       ClCompile:
         C:\Program Files (x86)\Microsoft Visual Studio 10.0\VC\bin\CL.exe /c /ZI /nologo /W3 /WX- /Od /Oy- /D _MBCS /Gm /EHsc /RTC1 /MDd /GS /fp:precise /Zc:wchar_t /Zc:forScope /Fo"Debug\\" /Fd"Debug\vc100.pdb" /Gd /TP /analyze- /errorReport:prompt main.cpp
         main.cpp
     1>c:\users\whiteskar\documents\visual studio 2010\projects\10082. wertyu\10082. wertyu\main.cpp(22): warning C4018: '<' : signed/unsigned mismatch
     1>c:\users\whiteskar\documents\visual studio 2010\projects\10082. wertyu\10082. wertyu\main.cpp(35): warning C4018: '<' : signed/unsigned mismatch
       Link:
         C:\Program Files (x86)\Microsoft Visual Studio 10.0\VC\bin\link.exe /ERRORREPORT:PROMPT /OUT:"c:\users\whiteskar\documents\visual studio 2010\Projects\10082. WERTYU\Debug\10082. WERTYU.exe" /NOLOGO kernel32.lib user32.lib gdi32.lib winspool.lib comdlg32.lib advapi32.lib shell32.lib ole32.lib oleaut32.lib uuid.lib odbc32.lib odbccp32.lib /MANIFEST /ManifestFile:"Debug\10082. WERTYU.exe.intermediate.manifest" /MANIFESTUAC:"level='asInvoker' uiAccess='false'" /DEBUG /PDB:"c:\users\whiteskar\documents\visual studio 2010\Projects\10082. WERTYU\Debug\10082. WERTYU.pdb" /TLBID:1 /DYNAMICBASE /NXCOMPAT /IMPLIB:"c:\users\whiteskar\documents\visual studio 2010\Projects\10082. WERTYU\Debug\10082. WERTYU.lib" /MACHINE:X86 Debug\main.obj
         LINK : c:\users\whiteskar\documents\visual studio 2010\Projects\10082. WERTYU\Debug\10082. WERTYU.exe not found or not built by the last incremental link; performing full link
         10082. WERTYU.vcxproj -> c:\users\whiteskar\documents\visual studio 2010\Projects\10082. WERTYU\Debug\10082. WERTYU.exe
       Manifest:
         C:\Program Files (x86)\Microsoft SDKs\Windows\v7.0A\bin\mt.exe /nologo /verbose /outputresource:"c:\users\whiteskar\documents\visual studio 2010\Projects\10082. WERTYU\Debug\10082. WERTYU.exe;#1" /manifest "Debug\10082. WERTYU.exe.intermediate.manifest"
       FinalizeBuildStatus:
         Deleting file "Debug\10082. WERTYU.unsuccessfulbuild".
         Touching "Debug\10082. WERTYU.lastbuildstate".
     1>Done Building Project "c:\Users\whiteskar\documents\visual studio 2010\Projects\10082. WERTYU\10082. WERTYU\10082. WERTYU.vcxproj" (build target(s)).

Build succeeded.

Time Elapsed 00:00:01.28
