C:\USERS\ZORO\DOCUMENTS\VISUAL STUDIO 2010\PROJECTS\1 ARRAYS AND STRINGS\1 ARRAYS AND STRINGS\DEBUG\SOURCE.OBJ
C:\USERS\ZORO\DOCUMENTS\VISUAL STUDIO 2010\PROJECTS\1 ARRAYS AND STRINGS\1 ARRAYS AND STRINGS\DEBUG\VC100.PDB
C:\USERS\SAEYOUNG\DOCUMENTS\VISUAL STUDIO 2012\PROJECTS\1 ARRAYS AND STRINGS\1 ARRAYS AND STRINGS\DEBUG\SOURCE.OBJ
C:\USERS\SAEYOUNG\DOCUMENTS\VISUAL STUDIO 2012\PROJECTS\1 ARRAYS AND STRINGS\1 ARRAYS AND STRINGS\DEBUG\VC110.PDB
C:\USERS\ZORO\DOCUMENTS\VISUAL STUDIO 2010\PROJECTS\1 ARRAYS AND STRINGS\DEBUG\1 ARRAYS AND STRINGS.ILK
C:\USERS\ZORO\DOCUMENTS\VISUAL STUDIO 2010\PROJECTS\1 ARRAYS AND STRINGS\DEBUG\1 ARRAYS AND STRINGS.EXE
C:\USERS\ZORO\DOCUMENTS\VISUAL STUDIO 2010\PROJECTS\1 ARRAYS AND STRINGS\1 ARRAYS AND STRINGS\DEBUG\1 ARRAYS AND STRINGS.EXE.INTERMEDIATE.MANIFEST
C:\USERS\ZORO\DOCUMENTS\VISUAL STUDIO 2010\PROJECTS\1 ARRAYS AND STRINGS\DEBUG\1 ARRAYS AND STRINGS.PDB
C:\USERS\ZORO\DOCUMENTS\VISUAL STUDIO 2010\PROJECTS\1 ARRAYS AND STRINGS\1 ARRAYS AND STRINGS\DEBUG\1 ARRAYS AND STRINGS.EXE.EMBED.MANIFEST
C:\USERS\ZORO\DOCUMENTS\VISUAL STUDIO 2010\PROJECTS\1 ARRAYS AND STRINGS\1 ARRAYS AND STRINGS\DEBUG\1 ARRAYS AND STRINGS.EXE.EMBED.MANIFEST.RES
C:\Users\SaeYoung\Documents\Visual Studio 2012\Projects\1 Arrays And Strings\1 Arrays And Strings\Debug\source.obj
C:\Users\SaeYoung\Documents\Visual Studio 2012\Projects\1 Arrays And Strings\1 Arrays And Strings\Debug\cl.command.1.tlog
C:\Users\SaeYoung\Documents\Visual Studio 2012\Projects\1 Arrays And Strings\1 Arrays And Strings\Debug\CL.read.1.tlog
C:\Users\SaeYoung\Documents\Visual Studio 2012\Projects\1 Arrays And Strings\1 Arrays And Strings\Debug\CL.write.1.tlog
C:\Users\SaeYoung\Documents\Visual Studio 2012\Projects\1 Arrays And Strings\1 Arrays And Strings\Debug\link-cvtres.read.1.tlog
C:\Users\SaeYoung\Documents\Visual Studio 2012\Projects\1 Arrays And Strings\1 Arrays And Strings\Debug\link-cvtres.write.1.tlog
C:\Users\SaeYoung\Documents\Visual Studio 2012\Projects\1 Arrays And Strings\1 Arrays And Strings\Debug\link-rc.read.1.tlog
C:\Users\SaeYoung\Documents\Visual Studio 2012\Projects\1 Arrays And Strings\1 Arrays And Strings\Debug\link-rc.write.1.tlog
C:\Users\SaeYoung\Documents\Visual Studio 2012\Projects\1 Arrays And Strings\1 Arrays And Strings\Debug\link.1032-cvtres.read.1.tlog
C:\Users\SaeYoung\Documents\Visual Studio 2012\Projects\1 Arrays And Strings\1 Arrays And Strings\Debug\link.1032-cvtres.write.1.tlog
C:\Users\SaeYoung\Documents\Visual Studio 2012\Projects\1 Arrays And Strings\1 Arrays And Strings\Debug\link.1032.read.1.tlog
C:\Users\SaeYoung\Documents\Visual Studio 2012\Projects\1 Arrays And Strings\1 Arrays And Strings\Debug\link.1032.write.1.tlog
C:\Users\SaeYoung\Documents\Visual Studio 2012\Projects\1 Arrays And Strings\1 Arrays And Strings\Debug\link.4284-cvtres.read.1.tlog
C:\Users\SaeYoung\Documents\Visual Studio 2012\Projects\1 Arrays And Strings\1 Arrays And Strings\Debug\link.4284-cvtres.write.1.tlog
C:\Users\SaeYoung\Documents\Visual Studio 2012\Projects\1 Arrays And Strings\1 Arrays And Strings\Debug\link.4284.read.1.tlog
C:\Users\SaeYoung\Documents\Visual Studio 2012\Projects\1 Arrays And Strings\1 Arrays And Strings\Debug\link.4284.write.1.tlog
C:\Users\SaeYoung\Documents\Visual Studio 2012\Projects\1 Arrays And Strings\1 Arrays And Strings\Debug\link.4464-cvtres.read.1.tlog
C:\Users\SaeYoung\Documents\Visual Studio 2012\Projects\1 Arrays And Strings\1 Arrays And Strings\Debug\link.4464-cvtres.write.1.tlog
C:\Users\SaeYoung\Documents\Visual Studio 2012\Projects\1 Arrays And Strings\1 Arrays And Strings\Debug\link.4464.read.1.tlog
C:\Users\SaeYoung\Documents\Visual Studio 2012\Projects\1 Arrays And Strings\1 Arrays And Strings\Debug\link.4464.write.1.tlog
C:\Users\SaeYoung\Documents\Visual Studio 2012\Projects\1 Arrays And Strings\1 Arrays And Strings\Debug\link.5456-cvtres.read.1.tlog
C:\Users\SaeYoung\Documents\Visual Studio 2012\Projects\1 Arrays And Strings\1 Arrays And Strings\Debug\link.5456-cvtres.write.1.tlog
C:\Users\SaeYoung\Documents\Visual Studio 2012\Projects\1 Arrays And Strings\1 Arrays And Strings\Debug\link.5456.read.1.tlog
C:\Users\SaeYoung\Documents\Visual Studio 2012\Projects\1 Arrays And Strings\1 Arrays And Strings\Debug\link.5456.write.1.tlog
C:\Users\SaeYoung\Documents\Visual Studio 2012\Projects\1 Arrays And Strings\1 Arrays And Strings\Debug\link.command.1.tlog
C:\Users\SaeYoung\Documents\Visual Studio 2012\Projects\1 Arrays And Strings\1 Arrays And Strings\Debug\link.read.1.tlog
C:\Users\SaeYoung\Documents\Visual Studio 2012\Projects\1 Arrays And Strings\1 Arrays And Strings\Debug\link.write.1.tlog
C:\Users\SaeYoung\Documents\Visual Studio 2012\Projects\1 Arrays And Strings\1 Arrays And Strings\Debug\mt.command.1.tlog
C:\Users\SaeYoung\Documents\Visual Studio 2012\Projects\1 Arrays And Strings\1 Arrays And Strings\Debug\mt.read.1.tlog
C:\Users\SaeYoung\Documents\Visual Studio 2012\Projects\1 Arrays And Strings\1 Arrays And Strings\Debug\mt.write.1.tlog
C:\Users\SaeYoung\Documents\Visual Studio 2012\Projects\1 Arrays And Strings\1 Arrays And Strings\Debug\rc.command.1.tlog
C:\Users\SaeYoung\Documents\Visual Studio 2012\Projects\1 Arrays And Strings\1 Arrays And Strings\Debug\rc.read.1.tlog
C:\Users\SaeYoung\Documents\Visual Studio 2012\Projects\1 Arrays And Strings\1 Arrays And Strings\Debug\rc.write.1.tlog
C:\Users\SaeYoung\Documents\Visual Studio 2012\Projects\1 Arrays And Strings\1 Arrays And Strings\Debug\1 Arrays And Strings.exe.embed.manifest
C:\Users\SaeYoung\Documents\Visual Studio 2012\Projects\1 Arrays And Strings\1 Arrays And Strings\Debug\1 Arrays And Strings.exe.intermediate.manifest
C:\Users\SaeYoung\Documents\Visual Studio 2012\Projects\1 Arrays And Strings\1 Arrays And Strings\Debug\1 Arrays And Strings.exe.embed.manifest.res
C:\Users\SaeYoung\Documents\Visual Studio 2012\Projects\1 Arrays And Strings\1 Arrays And Strings\Debug\vc100.idb
C:\Users\SaeYoung\Documents\Visual Studio 2012\Projects\1 Arrays And Strings\1 Arrays And Strings\Debug\vc110.idb
C:\Users\SaeYoung\Documents\Visual Studio 2012\Projects\1 Arrays And Strings\1 Arrays And Strings\Debug\vc100.pdb
C:\Users\SaeYoung\Documents\Visual Studio 2012\Projects\1 Arrays And Strings\1 Arrays And Strings\Debug\vc110.pdb
C:\Users\SaeYoung\Documents\Visual Studio 2012\Projects\1 Arrays And Strings\1 Arrays And Strings\Debug\1 Arrays And Strings_manifest.rc
C:\Users\SaeYoung\Documents\Visual Studio 2012\Projects\1 Arrays And Strings\Debug\1 Arrays And Strings.pdb
