Build started 2012-05-02 오후 2:21:23.
     1>Project "c:\Users\Zoro\documents\visual studio 2010\Projects\1.3 The Trip(10137)\1.3 The Trip(10137)\1.3 The Trip(10137).vcxproj" on node 2 (build target(s)).
     1>InitializeBuildStatus:
         Creating "Debug\1.3 The Trip(10137).unsuccessfulbuild" because "AlwaysCreate" was specified.
       ClCompile:
         C:\Program Files\Microsoft Visual Studio 10.0\VC\bin\CL.exe /c /ZI /nologo /W3 /WX- /Od /Oy- /D WIN32 /D _DEBUG /D _CONSOLE /D _UNICODE /D UNICODE /Gm /EHsc /RTC1 /MDd /GS /fp:precise /Zc:wchar_t /Zc:forScope /Fo"Debug\\" /Fd"Debug\vc100.pdb" /Gd /TC /analyze- /errorReport:prompt Solution.c
         Solution.c
     1>c:\users\zoro\documents\visual studio 2010\projects\1.3 the trip(10137)\1.3 the trip(10137)\solution.c(16): warning C4996: 'scanf': This function or variable may be unsafe. Consider using scanf_s instead. To disable deprecation, use _CRT_SECURE_NO_WARNINGS. See online help for details.
                 c:\program files\microsoft visual studio 10.0\vc\include\stdio.h(304) : see declaration of 'scanf'
     1>c:\users\zoro\documents\visual studio 2010\projects\1.3 the trip(10137)\1.3 the trip(10137)\solution.c(20): warning C4996: 'scanf': This function or variable may be unsafe. Consider using scanf_s instead. To disable deprecation, use _CRT_SECURE_NO_WARNINGS. See online help for details.
                 c:\program files\microsoft visual studio 10.0\vc\include\stdio.h(304) : see declaration of 'scanf'
       ManifestResourceCompile:
         All outputs are up-to-date.
       Link:
         C:\Program Files\Microsoft Visual Studio 10.0\VC\bin\link.exe /ERRORREPORT:PROMPT /OUT:"c:\users\zoro\documents\visual studio 2010\Projects\1.3 The Trip(10137)\Debug\1.3 The Trip(10137).exe" /INCREMENTAL /NOLOGO kernel32.lib user32.lib gdi32.lib winspool.lib comdlg32.lib advapi32.lib shell32.lib ole32.lib oleaut32.lib uuid.lib odbc32.lib odbccp32.lib /MANIFEST /ManifestFile:"Debug\1.3 The Trip(10137).exe.intermediate.manifest" /MANIFESTUAC:"level='asInvoker' uiAccess='false'" /DEBUG /PDB:"c:\users\zoro\documents\visual studio 2010\Projects\1.3 The Trip(10137)\Debug\1.3 The Trip(10137).pdb" /SUBSYSTEM:CONSOLE /TLBID:1 /DYNAMICBASE /NXCOMPAT /IMPLIB:"c:\users\zoro\documents\visual studio 2010\Projects\1.3 The Trip(10137)\Debug\1.3 The Trip(10137).lib" /MACHINE:X86 "Debug\1.3 The Trip(10137).exe.embed.manifest.res"
         Debug\Solution.obj
       Manifest:
         C:\Program Files\Microsoft SDKs\Windows\v7.0A\bin\mt.exe /nologo /verbose /out:"Debug\1.3 The Trip(10137).exe.embed.manifest" /manifest "Debug\1.3 The Trip(10137).exe.intermediate.manifest"
         All outputs are up-to-date.
       LinkEmbedManifest:
         All outputs are up-to-date.
         1.3 The Trip(10137).vcxproj -> c:\users\zoro\documents\visual studio 2010\Projects\1.3 The Trip(10137)\Debug\1.3 The Trip(10137).exe
       FinalizeBuildStatus:
         Deleting file "Debug\1.3 The Trip(10137).unsuccessfulbuild".
         Touching "Debug\1.3 The Trip(10137).lastbuildstate".
     1>Done Building Project "c:\Users\Zoro\documents\visual studio 2010\Projects\1.3 The Trip(10137)\1.3 The Trip(10137)\1.3 The Trip(10137).vcxproj" (build target(s)).

Build succeeded.

Time Elapsed 00:00:00.48
